{"name": "test_001", "status": "failed", "statusDetails": {"message": "AssertionError: assert '白月SMS系统 | 登录' == '白月销售管理系统'\n  \n  - 白月销售管理系统\n  + 白月SMS系统 | 登录", "trace": "self = <test_login.Test_Login object at 0x0000017E1F1D9A30>, login = <selenium.webdriver.chrome.webdriver.WebDriver (session=\"32e5efaebb9fe964a44efee22c0be038\")>\n\n    def test_001(self,login):\n        self.driver=login\n        self.driver.find_element(By.ID,\"username\").send_keys(\"byhy\")\n        self.driver.find_element(By.ID,\"password\").send_keys(\"88888888\")\n        self.driver.find_element(By.XPATH,\"/html/body/div/div[2]/div[1]/div[3]/div\").click()\n>       assert self.driver.title==\"白月销售管理系统\"\nE       AssertionError: assert '白月SMS系统 | 登录' == '白月销售管理系统'\nE         \nE         - 白月销售管理系统\nE         + 白月SMS系统 | 登录\n\ncases\\test_login.py:10: AssertionError"}, "start": 1721826697037, "stop": 1721826697309, "uuid": "a5a7c22c-df06-4445-a069-d407ab645f89", "historyId": "3ec597b7b29e4783951e5e5e5bf8e419", "testCaseId": "3ec597b7b29e4783951e5e5e5bf8e419", "fullName": "cases.test_login.Test_Login#test_001", "labels": [{"name": "parentSuite", "value": "cases"}, {"name": "suite", "value": "test_login"}, {"name": "subSuite", "value": "Test_Login"}, {"name": "host", "value": "Bytedance"}, {"name": "thread", "value": "1380-MainThread"}, {"name": "framework", "value": "pytest"}, {"name": "language", "value": "cpython3"}, {"name": "package", "value": "cases.test_login"}]}